<?xml version="1.0" encoding="UTF-8"?>
<testng-results ignored="0" total="1" passed="1" failed="0" skipped="0">
  <reporter-output>
  </reporter-output>
  <suite started-at="2022-10-10T22:13:46 IST" name="Default suite" finished-at="2022-10-10T22:14:47 IST" duration-ms="61272">
    <groups>
    </groups>
    <test started-at="2022-10-10T22:13:46 IST" name="Default test" finished-at="2022-10-10T22:14:47 IST" duration-ms="61272">
      <class name="testcases.HybridFrame">
        <test-method is-config="true" signature="LaunchStart()[pri:0, instance:testcases.HybridFrame@212b5695]" started-at="2022-10-10T22:13:30 IST" name="LaunchStart" finished-at="2022-10-10T22:13:46 IST" duration-ms="15881" status="PASS">
          <reporter-output>
          </reporter-output>
        </test-method> <!-- LaunchStart -->
        <test-method signature="hybrid()[pri:0, instance:testcases.HybridFrame@212b5695]" started-at="2022-10-10T22:13:46 IST" name="hybrid" finished-at="2022-10-10T22:14:47 IST" duration-ms="61232" status="PASS">
          <reporter-output>
          </reporter-output>
        </test-method> <!-- hybrid -->
        <test-method is-config="true" signature="closeApp()[pri:0, instance:testcases.HybridFrame@212b5695]" started-at="2022-10-10T22:14:47 IST" name="closeApp" finished-at="2022-10-10T22:14:47 IST" duration-ms="151" status="PASS">
          <reporter-output>
          </reporter-output>
        </test-method> <!-- closeApp -->
      </class> <!-- testcases.HybridFrame -->
    </test> <!-- Default test -->
  </suite> <!-- Default suite -->
</testng-results>
